[1] "Decomposed the data into useful components"
[1] "Data is read"
[1] "Modeling is completed"
[1] "Simulation is completed"
[1] "Interpolation is completed"
[1] "Modeling is completed"
[1] "Simulation is completed"
[1] "Interpolation is completed"
[1] "Modeling is completed"
[1] "Simulation is completed"
[1] "Interpolation is completed"
[1] "Modeling is completed"
[1] "Simulation is completed"
[1] "Interpolation is completed"
[1] "Modeling is completed"
[1] "Simulation is completed"
[1] "Interpolation is completed"
[1] "Modeling is completed"
[1] "Simulation is completed"
[1] "Interpolation is completed"
[1] "Modeling is completed"
[1] "Simulation is completed"
[1] "Interpolation is completed"
[1] "Scenario generation is completed."
